% python3 results/ScalabilityFigure/print.py
****** Experiment Name ******
[['sandbox_2copy_RF2_MEMI16_MEMD4_ROB4_CACHE0_PSTT_OPTMem'
  'sandbox_2copy_RF4_MEMI16_MEMD4_ROB4_CACHE0_PSTT_OPTMem'
  'sandbox_2copy_RF8_MEMI16_MEMD4_ROB4_CACHE0_PSTT_OPTMem'
  'sandbox_2copy_RF16_MEMI16_MEMD4_ROB4_CACHE0_PSTT_OPTMem'
  'sandbox_2copy_RF4_MEMI16_MEMD2_ROB4_CACHE0_PSTT_OPTMem'
  'sandbox_2copy_RF4_MEMI16_MEMD8_ROB4_CACHE0_PSTT_OPTMem'
  'sandbox_2copy_RF4_MEMI16_MEMD16_ROB4_CACHE0_PSTT_OPTMem'
  'sandbox_2copy_RF4_MEMI16_MEMD4_ROB2_CACHE0_PSTT_OPTMem'
  'sandbox_2copy_RF4_MEMI16_MEMD4_ROB8_CACHE0_PSTT_OPTMem'
  'sandbox_2copy_RF4_MEMI16_MEMD4_ROB16_CACHE0_PSTT_OPTMem']
 ['ct_2copy_RF2_MEMI16_MEMD4_ROB4_CACHE0_PDOM_OPTMem'
  'ct_2copy_RF4_MEMI16_MEMD4_ROB4_CACHE0_PDOM_OPTMem'
  'ct_2copy_RF8_MEMI16_MEMD4_ROB4_CACHE0_PDOM_OPTMem'
  'ct_2copy_RF16_MEMI16_MEMD4_ROB4_CACHE0_PDOM_OPTMem'
  'ct_2copy_RF4_MEMI16_MEMD2_ROB4_CACHE0_PDOM_OPTMem'
  'ct_2copy_RF4_MEMI16_MEMD8_ROB4_CACHE0_PDOM_OPTMem'
  'ct_2copy_RF4_MEMI16_MEMD16_ROB4_CACHE0_PDOM_OPTMem'
  'ct_2copy_RF4_MEMI16_MEMD4_ROB2_CACHE0_PDOM_OPTMem'
  'ct_2copy_RF4_MEMI16_MEMD4_ROB8_CACHE0_PDOM_OPTMem'
  'ct_2copy_RF4_MEMI16_MEMD4_ROB16_CACHE0_PDOM_OPTMem']]


****** Is Secure ******
[[ 1  1  1  1  1  1  1  1  1  1]
 [ 1  1  1  1  1  1 -1  1 -1 -1]]


****** Time ******
[[ 62.5  80.2  82.2  147.1  70.5  64.7  49.3  18.0  313.8  3200.2]
 [ 834.3  1086.4  1192.2  1603.7  198.7  14302.7 -1.0  13.3 -1.0 -1.0]]
%